2022-06-28T15:37:35.066Z: Transfer39445052 接取任务 从 [structure (container) #62ba941346a1a5b1ed549a5c] 到 [creep Upgrader39445408]
2022-06-28T15:37:38.274Z: Transfer39445186 完成任务 从 [structure (container) #62ba941346a1a5b1ed549a5c] 到 [creep Repairer39445156]
2022-06-28T15:37:41.633Z: Transfer39444590 完成任务 从 null 到 [structure (extension) #62baf4b14923f0c3c88a0d85]
2022-06-28T15:37:41.634Z: 运输队列新增一个任务: [structure (container) #62ba941346a1a5b1ed549a5c] 运输至 [creep Repairer39445156]
2022-06-28T15:37:44.610Z: Transfer39444032 接取任务 从 [structure (container) #62ba941346a1a5b1ed549a5c] 到 [creep Repairer39445156]
2022-06-28T15:37:56.694Z: Transfer39444994 接取任务 从 [resource (energy) #62bb1afeba7677d0db41593e] 到 [structure (container) #62ba9c2505874440fd3dd4c9]
2022-06-28T15:38:42.367Z: Transfer39444032 完成任务 从 [structure (container) #62ba941346a1a5b1ed549a5c] 到 [creep Repairer39445156]
2022-06-28T15:38:42.368Z: Transfer39445052 完成任务 从 [structure (container) #62ba941346a1a5b1ed549a5c] 到 [creep Upgrader39445408]
2022-06-28T15:38:42.368Z: 运输队列新增一个任务: [structure (container) #62ba941346a1a5b1ed549a5c] 运输至 [creep Repairer39445156]
2022-06-28T15:38:42.368Z: 运输队列新增一个任务: [resource (energy) #62bb203f0cff27833c8871a2] 运输至 [creep Upgrader39445408]
2022-06-28T15:39:04.648Z: {red-fg}生产Creep成功中,各种信息如下: {/red-fg}memory:{"role":"5","repairerDetail":{"repairingWhich":null}} type:5 spawn:[spawn Spawn1]
2022-06-28T15:39:08.017Z: 运输队列新增一个任务: [structure (container) #62ba941346a1a5b1ed549a5c] 运输至 [creep Repairer39445484]
2022-06-28T15:39:11.096Z: 运输队列新增一个任务: [resource (energy) #62bb204b66494e390152bf15] 运输至 [spawn Spawn1]
2022-06-28T15:39:11.096Z: 运输队列新增一个任务: [Tombstone #62bb2095b9aecac7e88a12bc] 运输至 [spawn Spawn1]
2022-06-28T15:39:29.734Z: Transfer39444994 完成任务 从 [resource (energy) #62bb1afeba7677d0db41593e] 到 [structure (container) #62ba9c2505874440fd3dd4c9]
2022-06-28T15:39:29.735Z: 运输队列新增一个任务: [resource (energy) #62bb1afeba7677d0db41593e] 运输至 [spawn Spawn1]
2022-06-28T15:39:48.479Z: Transfer39444590 接取任务 从 [structure (container) #62ba941346a1a5b1ed549a5c] 到 [creep Repairer39445156]
2022-06-28T15:40:57.101Z: Transfer39444756 接取任务 从 [structure (container) #62ba941346a1a5b1ed549a5c] 到 [creep Repairer39445484]
2022-06-28T15:41:08.365Z: Transfer39444590 完成任务 从 [structure (container) #62ba941346a1a5b1ed549a5c] 到 [creep Repairer39445156]
2022-06-28T15:41:08.365Z: 运输队列新增一个任务: [structure (container) #62ba941346a1a5b1ed549a5c] 运输至 [creep Repairer39445156]
2022-06-28T15:41:19.356Z: Transfer39445344 接取任务 从 [resource (energy) #62bb204b66494e390152bf15] 到 [spawn Spawn1]
2022-06-28T15:41:45.481Z: 运输队列新增一个任务: [resource (energy) #62bb20dbe2e285697019abb8] 运输至 [structure (container) #62ba941346a1a5b1ed549a5c]
2022-06-28T15:42:01.814Z: Transfer39444756 完成任务 从 [structure (container) #62ba941346a1a5b1ed549a5c] 到 [creep Repairer39445484]
2022-06-28T15:42:01.814Z: 运输队列新增一个任务: [structure (container) #62ba941346a1a5b1ed549a5c] 运输至 [creep Repairer39445484]
2022-06-28T15:42:55.337Z: Transfer39445344 完成任务 从 [resource (energy) #62bb204b66494e390152bf15] 到 [spawn Spawn1]
2022-06-28T15:43:26.091Z: {red-fg}生产Creep成功中,各种信息如下: {/red-fg}memory:{"role":"1","transferDetail":{"storeStructureBeforeWorking":null,"working":false,"task":{},"maxCarry":null,"arriveFrom":null}} type:1 spawn:[spawn Spawn1]
2022-06-28T15:43:29.251Z: Transfer39445564 接取任务 从 [structure (container) #62ba941346a1a5b1ed549a5c] 到 [creep Repairer39445156]
2022-06-28T15:43:32.239Z: 运输队列新增一个任务: [Tombstone #62bb219e46a1a5dfcf54c3ed] 运输至 [spawn Spawn1]
2022-06-28T15:43:35.061Z: Transfer39445564 完成任务 从 [structure (container) #62ba941346a1a5b1ed549a5c] 到 [creep Repairer39445156]
2022-06-28T15:43:38.400Z: 运输队列新增一个任务: [structure (container) #62ba941346a1a5b1ed549a5c] 运输至 [creep Repairer39445156]
2022-06-28T15:43:38.400Z: Transfer39445564 接取任务 从 [structure (container) #62ba941346a1a5b1ed549a5c] 到 [creep Repairer39445484]
2022-06-28T15:43:44.149Z: Transfer39445564 完成任务 从 [structure (container) #62ba941346a1a5b1ed549a5c] 到 [creep Repairer39445484]
2022-06-28T15:43:47.204Z: 运输队列新增一个任务: [structure (container) #62ba941346a1a5b1ed549a5c] 运输至 [creep Repairer39445484]
2022-06-28T15:43:47.204Z: Transfer39445564 接取任务 从 [structure (container) #62ba941346a1a5b1ed549a5c] 到 [creep Repairer39445156]
2022-06-28T15:43:53.655Z: Transfer39445564 完成任务 从 [structure (container) #62ba941346a1a5b1ed549a5c] 到 [creep Repairer39445156]
2022-06-28T15:43:57.271Z: 运输队列新增一个任务: [structure (container) #62ba941346a1a5b1ed549a5c] 运输至 [creep Repairer39445156]
2022-06-28T15:43:57.271Z: Transfer39445564 接取任务 从 [structure (container) #62ba941346a1a5b1ed549a5c] 到 [creep Repairer39445484]
2022-06-28T15:44:02.928Z: Transfer39445564 完成任务 从 [structure (container) #62ba941346a1a5b1ed549a5c] 到 [creep Repairer39445484]
2022-06-28T15:44:06.247Z: Transfer39444994 接取任务 从 [structure (container) #62ba941346a1a5b1ed549a5c] 到 [creep Repairer39445156]
2022-06-28T15:44:06.247Z: 运输队列新增一个任务: [structure (container) #62ba941346a1a5b1ed549a5c] 运输至 [creep Repairer39445484]
2022-06-28T15:44:06.248Z: Transfer39445564 接取任务 从 [structure (container) #62ba941346a1a5b1ed549a5c] 到 [creep Repairer39445484]
2022-06-28T15:44:12.115Z: Transfer39445564 完成任务 从 [structure (container) #62ba941346a1a5b1ed549a5c] 到 [creep Repairer39445484]
2022-06-28T15:44:15.681Z: Transfer39444756 接取任务 从 [resource (energy) #62bb1afeba7677d0db41593e] 到 [spawn Spawn1]
2022-06-28T15:44:15.681Z: 运输队列新增一个任务: [structure (container) #62ba941346a1a5b1ed549a5c] 运输至 [creep Repairer39445484]
2022-06-28T15:44:15.682Z: Transfer39445564 接取任务 从 [structure (container) #62ba941346a1a5b1ed549a5c] 到 [creep Repairer39445484]
2022-06-28T15:44:21.990Z: Transfer39445564 完成任务 从 [structure (container) #62ba941346a1a5b1ed549a5c] 到 [creep Repairer39445484]
2022-06-28T15:44:26.104Z: 运输队列新增一个任务: [structure (container) #62ba941346a1a5b1ed549a5c] 运输至 [creep Repairer39445484]
2022-06-28T15:44:26.104Z: Transfer39445564 接取任务 从 [structure (container) #62ba941346a1a5b1ed549a5c] 到 [creep Repairer39445484]
2022-06-28T15:44:31.752Z: Transfer39445564 完成任务 从 [structure (container) #62ba941346a1a5b1ed549a5c] 到 [creep Repairer39445484]
2022-06-28T15:44:34.872Z: 运输队列新增一个任务: [structure (container) #62ba941346a1a5b1ed549a5c] 运输至 [creep Repairer39445484]
2022-06-28T15:44:34.872Z: Transfer39445564 接取任务 从 [structure (container) #62ba941346a1a5b1ed549a5c] 到 [creep Repairer39445484]
2022-06-28T15:44:40.945Z: Transfer39445564 完成任务 从 [structure (container) #62ba941346a1a5b1ed549a5c] 到 [creep Repairer39445484]
2022-06-28T15:44:44.089Z: 运输队列新增一个任务: [structure (container) #62ba941346a1a5b1ed549a5c] 运输至 [creep Repairer39445484]
2022-06-28T15:44:44.089Z: Transfer39445564 接取任务 从 [structure (container) #62ba941346a1a5b1ed549a5c] 到 [creep Repairer39445484]
2022-06-28T15:44:50.133Z: Transfer39445564 完成任务 从 [structure (container) #62ba941346a1a5b1ed549a5c] 到 [creep Repairer39445484]
2022-06-28T15:44:53.745Z: 运输队列新增一个任务: [structure (container) #62ba941346a1a5b1ed549a5c] 运输至 [creep Repairer39445484]
2022-06-28T15:44:53.745Z: Transfer39445564 接取任务 从 [structure (container) #62ba941346a1a5b1ed549a5c] 到 [creep Repairer39445484]
2022-06-28T15:44:59.868Z: Transfer39445564 完成任务 从 [structure (container) #62ba941346a1a5b1ed549a5c] 到 [creep Repairer39445484]
2022-06-28T15:45:03.046Z: 运输队列新增一个任务: [structure (container) #62ba941346a1a5b1ed549a5c] 运输至 [creep Repairer39445484]
2022-06-28T15:45:03.046Z: Transfer39445564 接取任务 从 [structure (container) #62ba941346a1a5b1ed549a5c] 到 [creep Repairer39445484]
2022-06-28T15:45:15.446Z: Transfer39445344 接取任务 从 [Tombstone #62bb219e46a1a5dfcf54c3ed] 到 [spawn Spawn1]
2022-06-28T15:45:22.840Z: Transfer39444756 完成任务 从 [resource (energy) #62bb1afeba7677d0db41593e] 到 [spawn Spawn1]
2022-06-28T15:45:25.256Z: Transfer39444994 完成任务 从 [structure (container) #62ba941346a1a5b1ed549a5c] 到 [creep Repairer39445156]
2022-06-28T15:45:25.256Z: 运输队列新增一个任务: [structure (container) #62ba941346a1a5b1ed549a5c] 运输至 [creep Repairer39445156]
2022-06-28T15:45:25.256Z: 运输队列新增一个任务: [resource (energy) #62bb1afeba7677d0db41593e] 运输至 [structure (container) #62ba941346a1a5b1ed549a5c]
2022-06-28T15:45:45.400Z: Transfer39444756 接取任务 从 [structure (container) #62ba941346a1a5b1ed549a5c] 到 [creep Repairer39445156]
2022-06-28T15:45:45.400Z: Transfer39445344 完成任务 从 [Tombstone #62bb219e46a1a5dfcf54c3ed] 到 [spawn Spawn1]
2022-06-28T15:45:48.122Z: Transfer39445344 接取任务 从 [resource (energy) #62bb1afeba7677d0db41593e] 到 [structure (container) #62ba941346a1a5b1ed549a5c]
2022-06-28T15:45:51.265Z: 运输队列新增一个任务: [Tombstone #62bb219e46a1a5dfcf54c3ed] 运输至 [structure (container) #62ba941346a1a5b1ed549a5c]
2022-06-28T15:45:54.114Z: Transfer39445564 完成任务 从 [structure (container) #62ba941346a1a5b1ed549a5c] 到 [creep Repairer39445484]
2022-06-28T15:45:57.906Z: 运输队列新增一个任务: [structure (container) #62ba941346a1a5b1ed549a5c] 运输至 [creep Repairer39445484]
2022-06-28T15:45:57.907Z: Transfer39445564 接取任务 从 [structure (container) #62ba941346a1a5b1ed549a5c] 到 [creep Repairer39445484]
2022-06-28T15:46:07.637Z: Transfer39445052 接取任务 从 [Tombstone #62bb219e46a1a5dfcf54c3ed] 到 [structure (container) #62ba941346a1a5b1ed549a5c]
2022-06-28T15:46:15.609Z: Transfer39445052 完成任务 从 [Tombstone #62bb219e46a1a5dfcf54c3ed] 到 [structure (container) #62ba941346a1a5b1ed549a5c]
2022-06-28T15:46:18.489Z: Transfer39445052 接取任务 从 [resource (energy) #62bb03fe184dec0484515bea] 到 [spawn Spawn1]
2022-06-28T15:46:18.489Z: Transfer39445344 完成任务 从 [resource (energy) #62bb1afeba7677d0db41593e] 到 [structure (container) #62ba941346a1a5b1ed549a5c]
2022-06-28T15:46:18.489Z: 运输队列新增一个任务: [resource (energy) #62bb1afeba7677d0db41593e] 运输至 [structure (container) #62ba941346a1a5b1ed549a5c]
2022-06-28T15:46:21.419Z: Transfer39445092 接取任务 从 [resource (energy) #62bb1afeba7677d0db41593e] 到 [structure (container) #62ba941346a1a5b1ed549a5c]
2022-06-28T15:46:36.096Z: Transfer39445092 完成任务 从 [resource (energy) #62bb1afeba7677d0db41593e] 到 [structure (container) #62ba941346a1a5b1ed549a5c]
2022-06-28T15:46:49.480Z: Transfer39444756 完成任务 从 [structure (container) #62ba941346a1a5b1ed549a5c] 到 [creep Repairer39445156]
2022-06-28T15:46:49.480Z: 运输队列新增一个任务: [structure (container) #62ba941346a1a5b1ed549a5c] 运输至 [creep Repairer39445156]
2022-06-28T15:46:53.423Z: 运输队列新增一个任务: [resource (energy) #62bb1afeba7677d0db41593e] 运输至 [structure (container) #62ba941346a1a5b1ed549a5c]
2022-06-28T15:47:10.586Z: Transfer39445186 接取任务 从 [structure (container) #62ba941346a1a5b1ed549a5c] 到 [creep Repairer39445156]
2022-06-28T15:49:04.123Z: Transfer39445052 完成任务 从 [structure (container) #62ba941346a1a5b1ed549a5c] 到 [creep Builder39445646]
2022-06-28T15:49:04.124Z: 运输队列新增一个任务: [structure (container) #62ba941346a1a5b1ed549a5c] 运输至 [creep Builder39445646]
2022-06-28T15:49:06.008Z: Transfer39445564 接取任务 从 [resource (energy) #62bb1afeba7677d0db41593e] 到 [structure (container) #62ba941346a1a5b1ed549a5c]
2022-06-28T15:49:12.888Z: Transfer39445052 接取任务 从 [structure (container) #62ba941346a1a5b1ed549a5c] 到 [creep Builder39445646]
2022-06-28T15:49:12.888Z: Transfer39445564 完成任务 从 [resource (energy) #62bb1afeba7677d0db41593e] 到 [structure (container) #62ba941346a1a5b1ed549a5c]
2022-06-28T15:50:17.320Z: Transfer39445186 接取任务 从 [resource (energy) #62bb1afeba7677d0db41593e] 到 [structure (container) #62ba941346a1a5b1ed549a5c]
2022-06-28T15:50:29.573Z: Transfer39445186 完成任务 从 [resource (energy) #62bb1afeba7677d0db41593e] 到 [structure (container) #62ba941346a1a5b1ed549a5c]
2022-06-28T15:50:29.573Z: 运输队列新增一个任务: [resource (energy) #62bb1afeba7677d0db41593e] 运输至 [structure (container) #62ba941346a1a5b1ed549a5c]
2022-06-28T15:50:32.753Z: Transfer39444756 完成任务 从 [structure (container) #62ba941346a1a5b1ed549a5c] 到 [creep Builder39445646]
2022-06-28T15:50:32.753Z: Transfer39445186 接取任务 从 [resource (energy) #62bb1afeba7677d0db41593e] 到 [structure (container) #62ba941346a1a5b1ed549a5c]
2022-06-28T15:50:35.662Z: Transfer39445092 接取任务 从 [resource (energy) #62bb18547206d232e363862e] 到 [structure (extension) #62bad93e86de716a78f052da]
2022-06-28T15:50:38.782Z: Transfer39445186 完成任务 从 [resource (energy) #62bb1afeba7677d0db41593e] 到 [structure (container) #62ba941346a1a5b1ed549a5c]
2022-06-28T15:50:54.868Z: Transfer39444590 完成任务 从 [structure (container) #62ba941346a1a5b1ed549a5c] 到 [creep Repairer39445156]
2022-06-28T15:50:54.868Z: 运输队列新增一个任务: [structure (container) #62ba941346a1a5b1ed549a5c] 运输至 [creep Repairer39445156]
2022-06-28T15:51:13.526Z: Transfer39445052 完成任务 从 [structure (container) #62ba941346a1a5b1ed549a5c] 到 [creep Repairer39445484]
2022-06-28T15:51:13.526Z: 运输队列新增一个任务: [structure (container) #62ba941346a1a5b1ed549a5c] 运输至 [creep Repairer39445484]
2022-06-28T15:51:16.885Z: 运输队列新增一个任务: [structure (container) #62bacf2d6b6b4973401386f9] 运输至 [creep Builder39445646]
2022-06-28T15:52:00.639Z: Error: Unknown module 'watch-client'
    at Object.requireFn (&lt;runtime>:46500:23)
    at main:16604:15
    at main:16620:3
    at Object.exports.evalCode (&lt;runtime>:15845:76)
    at Object.requireFn (&lt;runtime>:46518:28)
    at Object.exports.run (&lt;runtime>:46461:60)

2022-06-28T15:52:03.459Z: Error: Unknown module 'watch-client'
    at Object.requireFn (&lt;runtime>:46500:23)
    at main:16604:15
    at main:16620:3
    at Object.exports.evalCode (&lt;runtime>:15845:76)
    at Object.requireFn (&lt;runtime>:46518:28)
    at Object.exports.run (&lt;runtime>:46461:60)

2022-06-28T15:52:06.786Z: Error: Unknown module 'watch-client'
    at Object.requireFn (&lt;runtime>:46500:23)
    at main:16604:15
    at main:16620:3
    at Object.exports.evalCode (&lt;runtime>:15845:76)
    at Object.requireFn (&lt;runtime>:46518:28)
    at Object.exports.run (&lt;runtime>:46461:60)

2022-06-28T15:52:09.731Z: Error: Unknown module 'watch-client'
    at Object.requireFn (&lt;runtime>:46500:23)
    at main:16604:15
    at main:16620:3
    at Object.exports.evalCode (&lt;runtime>:15845:76)
    at Object.requireFn (&lt;runtime>:46518:28)
    at Object.exports.run (&lt;runtime>:46461:60)

2022-06-28T15:52:13.067Z: Error: Unknown module 'watch-client'
    at Object.requireFn (&lt;runtime>:46500:23)
    at main:16604:15
    at main:16620:3
    at Object.exports.evalCode (&lt;runtime>:15845:76)
    at Object.requireFn (&lt;runtime>:46518:28)
    at Object.exports.run (&lt;runtime>:46461:60)

2022-06-28T15:52:15.352Z: Error: Unknown module 'watch-client'
    at Object.requireFn (&lt;runtime>:46500:23)
    at main:16604:15
    at main:16620:3
    at Object.exports.evalCode (&lt;runtime>:15845:76)
    at Object.requireFn (&lt;runtime>:46518:28)
    at Object.exports.run (&lt;runtime>:46461:60)

2022-06-28T15:52:18.190Z: Error: Unknown module 'watch-client'
    at Object.requireFn (&lt;runtime>:46500:23)
    at main:16604:15
    at main:16620:3
    at Object.exports.evalCode (&lt;runtime>:15845:76)
    at Object.requireFn (&lt;runtime>:46518:28)
    at Object.exports.run (&lt;runtime>:46461:60)

2022-06-28T15:52:21.975Z: Error: Unknown module 'watch-client'
    at Object.requireFn (&lt;runtime>:46500:23)
    at main:16604:15
    at main:16620:3
    at Object.exports.evalCode (&lt;runtime>:15845:76)
    at Object.requireFn (&lt;runtime>:46518:28)
    at Object.exports.run (&lt;runtime>:46461:60)

2022-06-28T15:52:25.488Z: Error: Unknown module 'watch-client'
    at Object.requireFn (&lt;runtime>:46500:23)
    at main:16604:15
    at main:16620:3
    at Object.exports.evalCode (&lt;runtime>:15845:76)
    at Object.requireFn (&lt;runtime>:46518:28)
    at Object.exports.run (&lt;runtime>:46461:60)

2022-06-28T15:52:28.181Z: Error: Unknown module 'watch-client'
    at Object.requireFn (&lt;runtime>:46500:23)
    at main:16604:15
    at main:16620:3
    at Object.exports.evalCode (&lt;runtime>:15845:76)
    at Object.requireFn (&lt;runtime>:46518:28)
    at Object.exports.run (&lt;runtime>:46461:60)

